<?xml version="1.0" encoding="UTF-8"?>
<!-- Generated by org.testng.reporters.JUnitReportReporter -->
<testsuite hostname="DESKTOP-I1I4LVM" failures="0" tests="2" name="HariSelenium.SubmitOrderPage" time="10.676" errors="0" timestamp="2023-12-06T15:06:37 IST" skipped="0">
  <testcase classname="HariSelenium.SubmitOrderPage" name="submitOrder" time="4.319"/>
  <system-out/>
  <testcase classname="HariSelenium.SubmitOrderPage" name="submitOrder" time="6.357"/>
  <system-out/>
</testsuite> <!-- HariSelenium.SubmitOrderPage -->
