<?xml version="1.0" encoding="UTF-8"?>
<!-- Generated by org.testng.reporters.JUnitReportReporter -->
<testsuite hostname="DESKTOP-I1I4LVM" failures="0" tests="1" name="HariSelenium.Standalonetest" time="6.152" errors="0" timestamp="2023-12-04T15:29:59 IST" skipped="0">
  <testcase classname="HariSelenium.Standalonetest" name="login" time="6.152"/>
</testsuite> <!-- HariSelenium.Standalonetest -->
