<?xml version="1.0" encoding="UTF-8"?>
<!-- Generated by org.testng.reporters.JUnitReportReporter -->
<testsuite hostname="DESKTOP-I1I4LVM" failures="0" tests="3" name="test.first" time="0.007" errors="0" timestamp="2023-11-30T19:06:12 IST" skipped="0">
  <testcase classname="test.first" name="test1" time="0.006"/>
  <system-out/>
  <testcase classname="test.first" name="test2" time="0.000"/>
  <system-out/>
  <testcase classname="test.first" name="test3" time="0.001"/>
  <system-out/>
</testsuite> <!-- test.first -->
