<?xml version="1.0" encoding="UTF-8"?>
<!-- Generated by org.testng.reporters.JUnitReportReporter -->
<testsuite hostname="DESKTOP-I1I4LVM" failures="0" tests="1" name="Screenshot.Screenshot" time="0.328" errors="0" timestamp="2023-12-01T11:19:03 IST" skipped="0">
  <testcase classname="Screenshot.Screenshot" name="takeScreenshot" time="0.328"/>
  <system-out/>
</testsuite> <!-- Screenshot.Screenshot -->
