<?xml version="1.0" encoding="UTF-8"?>
<!-- Generated by org.testng.reporters.JUnitReportReporter -->
<testsuite hostname="DESKTOP-I1I4LVM" failures="0" tests="1" name="test.car" time="0.001" errors="0" timestamp="2023-11-30T19:06:12 IST" skipped="0">
  <testcase classname="test.car" name="car1" time="0.001"/>
  <system-out/>
</testsuite> <!-- test.car -->
