<?xml version="1.0" encoding="UTF-8"?>
<!-- Generated by org.testng.reporters.JUnitReportReporter -->
<testsuite hostname="DESKTOP-I1I4LVM" failures="0" tests="4" name="test2.helper_attributes_examples" time="0.009" errors="0" timestamp="2023-11-30T16:17:58 IST" skipped="1">
  <testcase classname="test2.helper_attributes_examples" name="beta" time="0.000"/>
  <system-out/>
  <testcase classname="test2.helper_attributes_examples" name="theta" time="0.008"/>
  <system-out/>
  <testcase classname="test2.helper_attributes_examples" name="alpha" time="0.001"/>
  <system-out/>
  <testcase classname="test2.helper_attributes_examples" name="gama">
    <skipped/>
  </testcase> <!-- gama -->
  <system-out/>
</testsuite> <!-- test2.helper_attributes_examples -->
