<?xml version="1.0" encoding="UTF-8"?>
<!-- Generated by org.testng.reporters.JUnitReportReporter -->
<testsuite hostname="DESKTOP-I1I4LVM" failures="0" tests="2" name="test2.train" time="0.004" errors="0" timestamp="2023-11-30T19:24:18 IST" skipped="0">
  <testcase classname="test2.train" name="train2" time="0.001"/>
  <system-out/>
  <testcase classname="test2.train" name="train1" time="0.003"/>
  <system-out/>
</testsuite> <!-- test2.train -->
