<?xml version="1.0" encoding="UTF-8"?>
<!-- Generated by org.testng.reporters.JUnitReportReporter -->
<testsuite hostname="DESKTOP-I1I4LVM" failures="0" tests="2" name="HariSelenium.SubmitOrderPage2" time="10.607" errors="0" timestamp="2023-12-06T15:22:03 IST" skipped="0">
  <testcase classname="HariSelenium.SubmitOrderPage2" name="submitOrder" time="5.337"/>
  <system-out/>
  <testcase classname="HariSelenium.SubmitOrderPage2" name="submitOrder" time="5.270"/>
  <system-out/>
</testsuite> <!-- HariSelenium.SubmitOrderPage2 -->
