<?xml version="1.0" encoding="UTF-8"?>
<!-- Generated by org.testng.reporters.JUnitReportReporter -->
<testsuite hostname="DESKTOP-I1I4LVM" failures="0" tests="1" name="New_Package.Child_Class2" time="0.004" errors="0" timestamp="2023-12-04T10:46:37 IST" skipped="0">
  <testcase classname="New_Package.Child_Class2" name="print_result" time="0.004"/>
  <system-out/>
</testsuite> <!-- New_Package.Child_Class2 -->
