<?xml version="1.0" encoding="UTF-8"?>
<!-- Generated by org.testng.reporters.JUnitReportReporter -->
<testsuite hostname="DESKTOP-I1I4LVM" failures="0" tests="1" name="HariSelenium.ErrorValidations" time="2.845" errors="0" timestamp="2023-12-06T13:19:43 IST" skipped="0">
  <testcase classname="HariSelenium.ErrorValidations" name="submitOrder" time="2.845"/>
  <system-out/>
</testsuite> <!-- HariSelenium.ErrorValidations -->
