<?xml version="1.0" encoding="UTF-8"?>
<!-- Generated by org.testng.reporters.JUnitReportReporter -->
<testsuite hostname="DESKTOP-I1I4LVM" failures="0" tests="4" name="Tests.SubmitOrderPage" time="13.524" errors="0" timestamp="2023-12-07T15:39:05 IST" skipped="0">
  <testcase classname="Tests.SubmitOrderPage" name="OrderHistoryTest" time="2.740"/>
  <system-out/>
  <testcase classname="Tests.SubmitOrderPage" name="submitOrder" time="4.452"/>
  <system-out/>
  <testcase classname="Tests.SubmitOrderPage" name="OrderHistoryTest" time="1.830"/>
  <system-out/>
  <testcase classname="Tests.SubmitOrderPage" name="submitOrder" time="4.502"/>
  <system-out/>
</testsuite> <!-- Tests.SubmitOrderPage -->
