<?xml version="1.0" encoding="UTF-8"?>
<!-- Generated by org.testng.reporters.JUnitReportReporter -->
<testsuite hostname="DESKTOP-I1I4LVM" failures="0" tests="3" name="test.loan" time="0.001" errors="0" timestamp="2023-11-30T19:06:12 IST" skipped="0">
  <testcase classname="test.loan" name="loan2" time="0.000"/>
  <system-out/>
  <testcase classname="test.loan" name="alpha" time="0.000"/>
  <system-out/>
  <testcase classname="test.loan" name="loan1" time="0.001"/>
  <system-out/>
</testsuite> <!-- test.loan -->
