<?xml version="1.0" encoding="UTF-8"?>
<!-- Generated by org.testng.reporters.JUnitReportReporter -->
<testsuite hostname="DESKTOP-I1I4LVM" failures="0" tests="2" name="Tests.SubmitOrderPage3" time="10.619" errors="0" timestamp="2023-12-06T16:15:32 IST" skipped="0">
  <testcase classname="Tests.SubmitOrderPage3" name="submitOrder" time="5.230"/>
  <system-out/>
  <testcase classname="Tests.SubmitOrderPage3" name="submitOrder" time="5.389"/>
  <system-out/>
</testsuite> <!-- Tests.SubmitOrderPage3 -->
