<?xml version="1.0" encoding="UTF-8"?>
<!-- Generated by org.testng.reporters.JUnitReportReporter -->
<testsuite hostname="DESKTOP-I1I4LVM" failures="0" tests="3" name="test.Bike" time="0.006" errors="0" timestamp="2023-11-30T23:05:57 IST" skipped="0">
  <testcase classname="test.Bike" name="Bike1" time="0.004"/>
  <system-out/>
  <testcase classname="test.Bike" name="Bike2" time="0.001"/>
  <system-out/>
  <testcase classname="test.Bike" name="Bike3" time="0.001"/>
  <system-out/>
</testsuite> <!-- test.Bike -->
