<?xml version="1.0" encoding="UTF-8"?>
<!-- Generated by org.testng.reporters.JUnitReportReporter -->
<testsuite hostname="DESKTOP-I1I4LVM" failures="0" tests="3" name="test3.dataprovider" time="0.005" errors="0" timestamp="2023-11-30T22:09:09 IST" skipped="0">
  <testcase classname="test3.dataprovider" name="test1" time="0.004"/>
  <system-out/>
  <testcase classname="test3.dataprovider" name="test1" time="0.001"/>
  <system-out/>
  <testcase classname="test3.dataprovider" name="test1" time="0.000"/>
  <system-out/>
</testsuite> <!-- test3.dataprovider -->
